<?xml version="1.0" encoding="UTF-8"?>
<!-- Generated by org.testng.reporters.JUnitXMLReporter -->
<testsuite ignored="24" hostname="HSPLLPTP134" failures="4" tests="23" name="HO_Master_Credential" time="735.37" errors="0" timestamp="2024-11-26T17:57:18 IST">
  <testcase classname="HO_Master_Credential.AccM_ApplicatiorMaster" name="Applicator_Master" time="5.636"/>
  <testcase classname="HO_Master_Credential.AccM_ApplicatorViewPage" name="Applicator_Master" time="8.117"/>
  <testcase classname="HO_Master_Credential.DLRM_DLRM_Dealer_Approval" name="DLRM_Dealer_Approval" time="5.423"/>
  <testcase classname="HO_Master_Credential.DLRM_DLRM_Dealer_ApprovalBTN_Page" name="Dealer_ApprovalBTN" time="13.954"/>
  <testcase classname="HO_Master_Credential.DLRM_DLRM_Dealer_ApprovalView_Page" name="Dealer_Approval_View" time="14.897"/>
  <testcase classname="HO_Master_Credential.DLRM_DLRM_Dealer_Approval_1st" name="Dealer_Approval_1st_View_Page" time="4.186"/>
  <testcase classname="HO_Master_Credential.DLRM_DLRM_Dealer_Approval_1st_Approval_Page" name="Dealer_ApprovalBTN" time="26.138">
    <failure type="org.openqa.selenium.NoSuchElementException" message="no such element: Unable to locate element: {&amp;quot;method&amp;quot;:&amp;quot;xpath&amp;quot;,&amp;quot;selector&amp;quot;:&amp;quot;//*[text()=&amp;apos;Retailer Details&amp;apos;]&amp;quot;}
  (Session info: chrome=131.0.6778.86)
For documentation on this error, please visit: https://selenium.dev/exceptions/#no_such_element
Build info: version: &amp;apos;4.8.3&amp;apos;, revision: &amp;apos;e5e76298c3&amp;apos;
System info: os.name: &amp;apos;Windows 11&amp;apos;, os.arch: &amp;apos;amd64&amp;apos;, os.version: &amp;apos;10.0&amp;apos;, java.version: &amp;apos;22.0.2&amp;apos;
Driver info: org.openqa.selenium.chrome.ChromeDriver
Command: [ced1b39300e41a60a6f0aa7bdd56db5e, findElement {using=xpath, value=//*[text()=&amp;apos;Retailer Details&amp;apos;]}]
Capabilities {acceptInsecureCerts: false, browserName: chrome, browserVersion: 131.0.6778.86, chrome: {chromedriverVersion: 131.0.6778.85 (3d81e41b6f3a..., userDataDir: C:\Users\10389\AppData\Loca...}, fedcm:accounts: true, goog:chromeOptions: {debuggerAddress: localhost:59599}, Enabled: false, pageLoadStrategy: normal, platformName: WINDOWS, proxy: Proxy(), se:cdp: ws://localhost:59599/devtoo..., se:cdpVersion: 131.0.6778.86, setWindowRect: true, strictFileInteractability: false, timeouts: {implicit: 0, pageLoad: 300000, script: 30000}, unhandledPromptBehavior: dismiss and notify, webauthn:extension:credBlob: true, webauthn:extension:largeBlob: true, webauthn:extension:minPinLength: true, webauthn:extension:prf: true, webauthn:virtualAuthenticators: true}
Session ID: ced1b39300e41a60a6f0aa7bdd56db5e">
      <![CDATA[org.openqa.selenium.NoSuchElementException: no such element: Unable to locate element: {"method":"xpath","selector":"//*[text()='Retailer Details']"}
  (Session info: chrome=131.0.6778.86)
For documentation on this error, please visit: https://selenium.dev/exceptions/#no_such_element
Build info: version: '4.8.3', revision: 'e5e76298c3'
System info: os.name: 'Windows 11', os.arch: 'amd64', os.version: '10.0', java.version: '22.0.2'
Driver info: org.openqa.selenium.chrome.ChromeDriver
Command: [ced1b39300e41a60a6f0aa7bdd56db5e, findElement {using=xpath, value=//*[text()='Retailer Details']}]
Capabilities {acceptInsecureCerts: false, browserName: chrome, browserVersion: 131.0.6778.86, chrome: {chromedriverVersion: 131.0.6778.85 (3d81e41b6f3a..., userDataDir: C:\Users\10389\AppData\Loca...}, fedcm:accounts: true, goog:chromeOptions: {debuggerAddress: localhost:59599}, Enabled: false, pageLoadStrategy: normal, platformName: WINDOWS, proxy: Proxy(), se:cdp: ws://localhost:59599/devtoo..., se:cdpVersion: 131.0.6778.86, setWindowRect: true, strictFileInteractability: false, timeouts: {implicit: 0, pageLoad: 300000, script: 30000}, unhandledPromptBehavior: dismiss and notify, webauthn:extension:credBlob: true, webauthn:extension:largeBlob: true, webauthn:extension:minPinLength: true, webauthn:extension:prf: true, webauthn:virtualAuthenticators: true}
Session ID: ced1b39300e41a60a6f0aa7bdd56db5e
at org.openqa.selenium.remote.codec.w3c.W3CHttpResponseCodec.createException(W3CHttpResponseCodec.java:200)
at org.openqa.selenium.remote.codec.w3c.W3CHttpResponseCodec.decode(W3CHttpResponseCodec.java:133)
at org.openqa.selenium.remote.codec.w3c.W3CHttpResponseCodec.decode(W3CHttpResponseCodec.java:53)
at org.openqa.selenium.remote.HttpCommandExecutor.execute(HttpCommandExecutor.java:193)
at org.openqa.selenium.remote.service.DriverCommandExecutor.invokeExecute(DriverCommandExecutor.java:183)
at org.openqa.selenium.remote.service.DriverCommandExecutor.execute(DriverCommandExecutor.java:158)
at org.openqa.selenium.remote.RemoteWebDriver.execute(RemoteWebDriver.java:543)
at org.openqa.selenium.remote.ElementLocation$ElementFinder$2.findElement(ElementLocation.java:162)
at org.openqa.selenium.remote.ElementLocation.findElement(ElementLocation.java:60)
at org.openqa.selenium.remote.RemoteWebDriver.findElement(RemoteWebDriver.java:352)
at org.openqa.selenium.remote.RemoteWebDriver.findElement(RemoteWebDriver.java:344)
at HO_Master_Credential.DLRM_DLRM_Dealer_Approval_1st_Approval_Page.Dealer_ApprovalBTN(DLRM_DLRM_Dealer_Approval_1st_Approval_Page.java:53)
at java.base/java.util.ArrayList.forEach(ArrayList.java:1597)
... Removed 28 stack frames]]>
    </failure>
  </testcase> <!-- Dealer_ApprovalBTN -->
  <testcase classname="HO_Master_Credential.DLRM_DLRM_Dealer_Approval_1st_View_Page" name="Dealer_Approval_1st_View_Page" time="26.673">
    <failure type="org.openqa.selenium.NoSuchElementException" message="no such element: Unable to locate element: {&amp;quot;method&amp;quot;:&amp;quot;xpath&amp;quot;,&amp;quot;selector&amp;quot;:&amp;quot;//*[text()=&amp;apos;Retailer Details&amp;apos;]&amp;quot;}
  (Session info: chrome=131.0.6778.86)
For documentation on this error, please visit: https://selenium.dev/exceptions/#no_such_element
Build info: version: &amp;apos;4.8.3&amp;apos;, revision: &amp;apos;e5e76298c3&amp;apos;
System info: os.name: &amp;apos;Windows 11&amp;apos;, os.arch: &amp;apos;amd64&amp;apos;, os.version: &amp;apos;10.0&amp;apos;, java.version: &amp;apos;22.0.2&amp;apos;
Driver info: org.openqa.selenium.chrome.ChromeDriver
Command: [29b1bad0e723d2af7e07dfaaf3da3a82, findElement {using=xpath, value=//*[text()=&amp;apos;Retailer Details&amp;apos;]}]
Capabilities {acceptInsecureCerts: false, browserName: chrome, browserVersion: 131.0.6778.86, chrome: {chromedriverVersion: 131.0.6778.85 (3d81e41b6f3a..., userDataDir: C:\Users\10389\AppData\Loca...}, fedcm:accounts: true, goog:chromeOptions: {debuggerAddress: localhost:59660}, Enabled: false, pageLoadStrategy: normal, platformName: WINDOWS, proxy: Proxy(), se:cdp: ws://localhost:59660/devtoo..., se:cdpVersion: 131.0.6778.86, setWindowRect: true, strictFileInteractability: false, timeouts: {implicit: 0, pageLoad: 300000, script: 30000}, unhandledPromptBehavior: dismiss and notify, webauthn:extension:credBlob: true, webauthn:extension:largeBlob: true, webauthn:extension:minPinLength: true, webauthn:extension:prf: true, webauthn:virtualAuthenticators: true}
Session ID: 29b1bad0e723d2af7e07dfaaf3da3a82">
      <![CDATA[org.openqa.selenium.NoSuchElementException: no such element: Unable to locate element: {"method":"xpath","selector":"//*[text()='Retailer Details']"}
  (Session info: chrome=131.0.6778.86)
For documentation on this error, please visit: https://selenium.dev/exceptions/#no_such_element
Build info: version: '4.8.3', revision: 'e5e76298c3'
System info: os.name: 'Windows 11', os.arch: 'amd64', os.version: '10.0', java.version: '22.0.2'
Driver info: org.openqa.selenium.chrome.ChromeDriver
Command: [29b1bad0e723d2af7e07dfaaf3da3a82, findElement {using=xpath, value=//*[text()='Retailer Details']}]
Capabilities {acceptInsecureCerts: false, browserName: chrome, browserVersion: 131.0.6778.86, chrome: {chromedriverVersion: 131.0.6778.85 (3d81e41b6f3a..., userDataDir: C:\Users\10389\AppData\Loca...}, fedcm:accounts: true, goog:chromeOptions: {debuggerAddress: localhost:59660}, Enabled: false, pageLoadStrategy: normal, platformName: WINDOWS, proxy: Proxy(), se:cdp: ws://localhost:59660/devtoo..., se:cdpVersion: 131.0.6778.86, setWindowRect: true, strictFileInteractability: false, timeouts: {implicit: 0, pageLoad: 300000, script: 30000}, unhandledPromptBehavior: dismiss and notify, webauthn:extension:credBlob: true, webauthn:extension:largeBlob: true, webauthn:extension:minPinLength: true, webauthn:extension:prf: true, webauthn:virtualAuthenticators: true}
Session ID: 29b1bad0e723d2af7e07dfaaf3da3a82
at org.openqa.selenium.remote.codec.w3c.W3CHttpResponseCodec.createException(W3CHttpResponseCodec.java:200)
at org.openqa.selenium.remote.codec.w3c.W3CHttpResponseCodec.decode(W3CHttpResponseCodec.java:133)
at org.openqa.selenium.remote.codec.w3c.W3CHttpResponseCodec.decode(W3CHttpResponseCodec.java:53)
at org.openqa.selenium.remote.HttpCommandExecutor.execute(HttpCommandExecutor.java:193)
at org.openqa.selenium.remote.service.DriverCommandExecutor.invokeExecute(DriverCommandExecutor.java:183)
at org.openqa.selenium.remote.service.DriverCommandExecutor.execute(DriverCommandExecutor.java:158)
at org.openqa.selenium.remote.RemoteWebDriver.execute(RemoteWebDriver.java:543)
at org.openqa.selenium.remote.ElementLocation$ElementFinder$2.findElement(ElementLocation.java:162)
at org.openqa.selenium.remote.ElementLocation.findElement(ElementLocation.java:60)
at org.openqa.selenium.remote.RemoteWebDriver.findElement(RemoteWebDriver.java:352)
at org.openqa.selenium.remote.RemoteWebDriver.findElement(RemoteWebDriver.java:344)
at HO_Master_Credential.DLRM_DLRM_Dealer_Approval_1st_View_Page.Dealer_Approval_1st_View_Page(DLRM_DLRM_Dealer_Approval_1st_View_Page.java:51)
at java.base/java.util.ArrayList.forEach(ArrayList.java:1597)
... Removed 28 stack frames]]>
    </failure>
  </testcase> <!-- Dealer_Approval_1st_View_Page -->
  <testcase classname="HO_Master_Credential.DLRM_DLRM_Dealer_Approval_2nd" name="Dealer_Approval_1st_View_Page" time="4.226"/>
  <testcase classname="HO_Master_Credential.DLRM_DLRM_Dealer_Approval_2nd_Approval_Page" name="Dealer_ApprovalBTN" time="25.773">
    <failure type="org.openqa.selenium.NoSuchElementException" message="no such element: Unable to locate element: {&amp;quot;method&amp;quot;:&amp;quot;xpath&amp;quot;,&amp;quot;selector&amp;quot;:&amp;quot;//*[text()=&amp;apos;Retailer Details&amp;apos;]&amp;quot;}
  (Session info: chrome=131.0.6778.86)
For documentation on this error, please visit: https://selenium.dev/exceptions/#no_such_element
Build info: version: &amp;apos;4.8.3&amp;apos;, revision: &amp;apos;e5e76298c3&amp;apos;
System info: os.name: &amp;apos;Windows 11&amp;apos;, os.arch: &amp;apos;amd64&amp;apos;, os.version: &amp;apos;10.0&amp;apos;, java.version: &amp;apos;22.0.2&amp;apos;
Driver info: org.openqa.selenium.chrome.ChromeDriver
Command: [e0c31ecbba28e6be5e68274e5677713a, findElement {using=xpath, value=//*[text()=&amp;apos;Retailer Details&amp;apos;]}]
Capabilities {acceptInsecureCerts: false, browserName: chrome, browserVersion: 131.0.6778.86, chrome: {chromedriverVersion: 131.0.6778.85 (3d81e41b6f3a..., userDataDir: C:\Users\10389\AppData\Loca...}, fedcm:accounts: true, goog:chromeOptions: {debuggerAddress: localhost:59766}, Enabled: false, pageLoadStrategy: normal, platformName: WINDOWS, proxy: Proxy(), se:cdp: ws://localhost:59766/devtoo..., se:cdpVersion: 131.0.6778.86, setWindowRect: true, strictFileInteractability: false, timeouts: {implicit: 0, pageLoad: 300000, script: 30000}, unhandledPromptBehavior: dismiss and notify, webauthn:extension:credBlob: true, webauthn:extension:largeBlob: true, webauthn:extension:minPinLength: true, webauthn:extension:prf: true, webauthn:virtualAuthenticators: true}
Session ID: e0c31ecbba28e6be5e68274e5677713a">
      <![CDATA[org.openqa.selenium.NoSuchElementException: no such element: Unable to locate element: {"method":"xpath","selector":"//*[text()='Retailer Details']"}
  (Session info: chrome=131.0.6778.86)
For documentation on this error, please visit: https://selenium.dev/exceptions/#no_such_element
Build info: version: '4.8.3', revision: 'e5e76298c3'
System info: os.name: 'Windows 11', os.arch: 'amd64', os.version: '10.0', java.version: '22.0.2'
Driver info: org.openqa.selenium.chrome.ChromeDriver
Command: [e0c31ecbba28e6be5e68274e5677713a, findElement {using=xpath, value=//*[text()='Retailer Details']}]
Capabilities {acceptInsecureCerts: false, browserName: chrome, browserVersion: 131.0.6778.86, chrome: {chromedriverVersion: 131.0.6778.85 (3d81e41b6f3a..., userDataDir: C:\Users\10389\AppData\Loca...}, fedcm:accounts: true, goog:chromeOptions: {debuggerAddress: localhost:59766}, Enabled: false, pageLoadStrategy: normal, platformName: WINDOWS, proxy: Proxy(), se:cdp: ws://localhost:59766/devtoo..., se:cdpVersion: 131.0.6778.86, setWindowRect: true, strictFileInteractability: false, timeouts: {implicit: 0, pageLoad: 300000, script: 30000}, unhandledPromptBehavior: dismiss and notify, webauthn:extension:credBlob: true, webauthn:extension:largeBlob: true, webauthn:extension:minPinLength: true, webauthn:extension:prf: true, webauthn:virtualAuthenticators: true}
Session ID: e0c31ecbba28e6be5e68274e5677713a
at org.openqa.selenium.remote.codec.w3c.W3CHttpResponseCodec.createException(W3CHttpResponseCodec.java:200)
at org.openqa.selenium.remote.codec.w3c.W3CHttpResponseCodec.decode(W3CHttpResponseCodec.java:133)
at org.openqa.selenium.remote.codec.w3c.W3CHttpResponseCodec.decode(W3CHttpResponseCodec.java:53)
at org.openqa.selenium.remote.HttpCommandExecutor.execute(HttpCommandExecutor.java:193)
at org.openqa.selenium.remote.service.DriverCommandExecutor.invokeExecute(DriverCommandExecutor.java:183)
at org.openqa.selenium.remote.service.DriverCommandExecutor.execute(DriverCommandExecutor.java:158)
at org.openqa.selenium.remote.RemoteWebDriver.execute(RemoteWebDriver.java:543)
at org.openqa.selenium.remote.ElementLocation$ElementFinder$2.findElement(ElementLocation.java:162)
at org.openqa.selenium.remote.ElementLocation.findElement(ElementLocation.java:60)
at org.openqa.selenium.remote.RemoteWebDriver.findElement(RemoteWebDriver.java:352)
at org.openqa.selenium.remote.RemoteWebDriver.findElement(RemoteWebDriver.java:344)
at HO_Master_Credential.DLRM_DLRM_Dealer_Approval_2nd_Approval_Page.Dealer_ApprovalBTN(DLRM_DLRM_Dealer_Approval_2nd_Approval_Page.java:50)
at java.base/java.util.ArrayList.forEach(ArrayList.java:1597)
... Removed 28 stack frames]]>
    </failure>
  </testcase> <!-- Dealer_ApprovalBTN -->
  <testcase classname="HO_Master_Credential.DLRM_DLRM_Dealer_Master_Page" name="Dealer_Master_Page" time="4.431"/>
  <testcase classname="HO_Master_Credential.DLRM_DLRM_Dealer_Master_Upload_Retailer_Page" name="Dealer_Master_Upload_Retailer_Page" time="19.134"/>
  <testcase classname="HO_Master_Credential.DLRM_DLRM_Dealer_Master_View_Page" name="Dealer_Master_View_Page" time="15.047"/>
  <testcase classname="HO_Master_Credential.FSG_Master" name="FSG_Master_Method" time="5.367"/>
  <testcase classname="HO_Master_Credential.FSG_Master_View_Page" name="FSG_Master_View" time="26.436">
    <failure type="org.openqa.selenium.NoSuchElementException" message="no such element: Unable to locate element: {&amp;quot;method&amp;quot;:&amp;quot;xpath&amp;quot;,&amp;quot;selector&amp;quot;:&amp;quot;//*[@id=&amp;apos;ParentMasterContentPlaceHolder1_lblHeader&amp;apos;][text()=&amp;apos;View FSG&amp;apos;]&amp;quot;}
  (Session info: chrome=131.0.6778.86)
For documentation on this error, please visit: https://selenium.dev/exceptions/#no_such_element
Build info: version: &amp;apos;4.8.3&amp;apos;, revision: &amp;apos;e5e76298c3&amp;apos;
System info: os.name: &amp;apos;Windows 11&amp;apos;, os.arch: &amp;apos;amd64&amp;apos;, os.version: &amp;apos;10.0&amp;apos;, java.version: &amp;apos;22.0.2&amp;apos;
Driver info: org.openqa.selenium.chrome.ChromeDriver
Command: [c6ae4a2206243c2909186d26d33aaa60, findElement {using=xpath, value=//*[@id=&amp;apos;ParentMasterContentPlaceHolder1_lblHeader&amp;apos;][text()=&amp;apos;View FSG&amp;apos;]}]
Capabilities {acceptInsecureCerts: false, browserName: chrome, browserVersion: 131.0.6778.86, chrome: {chromedriverVersion: 131.0.6778.85 (3d81e41b6f3a..., userDataDir: C:\Users\10389\AppData\Loca...}, fedcm:accounts: true, goog:chromeOptions: {debuggerAddress: localhost:59994}, Enabled: false, pageLoadStrategy: normal, platformName: WINDOWS, proxy: Proxy(), se:cdp: ws://localhost:59994/devtoo..., se:cdpVersion: 131.0.6778.86, setWindowRect: true, strictFileInteractability: false, timeouts: {implicit: 0, pageLoad: 300000, script: 30000}, unhandledPromptBehavior: dismiss and notify, webauthn:extension:credBlob: true, webauthn:extension:largeBlob: true, webauthn:extension:minPinLength: true, webauthn:extension:prf: true, webauthn:virtualAuthenticators: true}
Session ID: c6ae4a2206243c2909186d26d33aaa60">
      <![CDATA[org.openqa.selenium.NoSuchElementException: no such element: Unable to locate element: {"method":"xpath","selector":"//*[@id='ParentMasterContentPlaceHolder1_lblHeader'][text()='View FSG']"}
  (Session info: chrome=131.0.6778.86)
For documentation on this error, please visit: https://selenium.dev/exceptions/#no_such_element
Build info: version: '4.8.3', revision: 'e5e76298c3'
System info: os.name: 'Windows 11', os.arch: 'amd64', os.version: '10.0', java.version: '22.0.2'
Driver info: org.openqa.selenium.chrome.ChromeDriver
Command: [c6ae4a2206243c2909186d26d33aaa60, findElement {using=xpath, value=//*[@id='ParentMasterContentPlaceHolder1_lblHeader'][text()='View FSG']}]
Capabilities {acceptInsecureCerts: false, browserName: chrome, browserVersion: 131.0.6778.86, chrome: {chromedriverVersion: 131.0.6778.85 (3d81e41b6f3a..., userDataDir: C:\Users\10389\AppData\Loca...}, fedcm:accounts: true, goog:chromeOptions: {debuggerAddress: localhost:59994}, Enabled: false, pageLoadStrategy: normal, platformName: WINDOWS, proxy: Proxy(), se:cdp: ws://localhost:59994/devtoo..., se:cdpVersion: 131.0.6778.86, setWindowRect: true, strictFileInteractability: false, timeouts: {implicit: 0, pageLoad: 300000, script: 30000}, unhandledPromptBehavior: dismiss and notify, webauthn:extension:credBlob: true, webauthn:extension:largeBlob: true, webauthn:extension:minPinLength: true, webauthn:extension:prf: true, webauthn:virtualAuthenticators: true}
Session ID: c6ae4a2206243c2909186d26d33aaa60
at org.openqa.selenium.remote.codec.w3c.W3CHttpResponseCodec.createException(W3CHttpResponseCodec.java:200)
at org.openqa.selenium.remote.codec.w3c.W3CHttpResponseCodec.decode(W3CHttpResponseCodec.java:133)
at org.openqa.selenium.remote.codec.w3c.W3CHttpResponseCodec.decode(W3CHttpResponseCodec.java:53)
at org.openqa.selenium.remote.HttpCommandExecutor.execute(HttpCommandExecutor.java:193)
at org.openqa.selenium.remote.service.DriverCommandExecutor.invokeExecute(DriverCommandExecutor.java:183)
at org.openqa.selenium.remote.service.DriverCommandExecutor.execute(DriverCommandExecutor.java:158)
at org.openqa.selenium.remote.RemoteWebDriver.execute(RemoteWebDriver.java:543)
at org.openqa.selenium.remote.ElementLocation$ElementFinder$2.findElement(ElementLocation.java:162)
at org.openqa.selenium.remote.ElementLocation.findElement(ElementLocation.java:60)
at org.openqa.selenium.remote.RemoteWebDriver.findElement(RemoteWebDriver.java:352)
at org.openqa.selenium.remote.RemoteWebDriver.findElement(RemoteWebDriver.java:344)
at HO_Master_Credential.FSG_Master_View_Page.FSG_Master_View(FSG_Master_View_Page.java:47)
at java.base/java.util.ArrayList.forEach(ArrayList.java:1597)
... Removed 28 stack frames]]>
    </failure>
  </testcase> <!-- FSG_Master_View -->
  <testcase classname="HO_Master_Credential.PM_PM_HSN_Master" name="PM_HSN_MASTER" time="1.086"/>
  <testcase classname="HO_Master_Credential.PM_PM_Project_Image_Upload" name="Project_Image_Upload" time="0.028"/>
  <testcase classname="HO_Master_Credential.RM_RM_PJPMaster_View_Page" name="RM_PJPmaster" time="212.623"/>
  <testcase classname="HO_Master_Credential.RM_RM_Route_Master_Page" name="Route_Master_Page" time="41.538"/>
  <testcase classname="HO_Master_Credential.RM_RM_SE_Set_PJP_Master_Button" name="Set_PJP_Master_Button" time="5.685"/>
  <testcase classname="HO_Master_Credential.UM_UM_User_Master_Add_Page" name="UM_User_Master_Add" time="14.267"/>
  <testcase classname="HO_Master_Credential.UM_UM_User_Master_Page" name="UM_User_Master_Page" time="5.217"/>
  <testcase classname="HO_Master_Credential.UM_UM_User_Master_View_Page" name="UM_User_Master_View" time="15.365"/>
  <testcase classname="Com_Utility.BaseClass" name="@BeforeSuite Data_Provider" time="0.0">
    <ignored/>
  </testcase> <!-- @BeforeSuite Data_Provider -->
  <testcase classname="Com_Utility.BaseClass" name="@BeforeSuite Data_Provider" time="0.0">
    <ignored/>
  </testcase> <!-- @BeforeSuite Data_Provider -->
  <testcase classname="Com_Utility.BaseClass" name="@BeforeSuite Data_Provider" time="0.0">
    <ignored/>
  </testcase> <!-- @BeforeSuite Data_Provider -->
  <testcase classname="Com_Utility.BaseClass" name="@BeforeSuite Data_Provider" time="0.0">
    <ignored/>
  </testcase> <!-- @BeforeSuite Data_Provider -->
  <testcase classname="Com_Utility.BaseClass" name="@BeforeSuite Data_Provider" time="0.0">
    <ignored/>
  </testcase> <!-- @BeforeSuite Data_Provider -->
  <testcase classname="Com_Utility.BaseClass" name="@BeforeSuite Data_Provider" time="0.0">
    <ignored/>
  </testcase> <!-- @BeforeSuite Data_Provider -->
  <testcase classname="Com_Utility.BaseClass" name="@BeforeSuite Data_Provider" time="0.0">
    <ignored/>
  </testcase> <!-- @BeforeSuite Data_Provider -->
  <testcase classname="Com_Utility.BaseClass" name="@BeforeSuite Data_Provider" time="0.0">
    <ignored/>
  </testcase> <!-- @BeforeSuite Data_Provider -->
  <testcase classname="Com_Utility.BaseClass" name="@BeforeSuite Data_Provider" time="0.0">
    <ignored/>
  </testcase> <!-- @BeforeSuite Data_Provider -->
  <testcase classname="Com_Utility.BaseClass" name="@BeforeSuite Data_Provider" time="0.0">
    <ignored/>
  </testcase> <!-- @BeforeSuite Data_Provider -->
  <testcase classname="Com_Utility.BaseClass" name="@BeforeSuite Data_Provider" time="0.0">
    <ignored/>
  </testcase> <!-- @BeforeSuite Data_Provider -->
  <testcase classname="Com_Utility.BaseClass" name="@BeforeSuite Data_Provider" time="0.0">
    <ignored/>
  </testcase> <!-- @BeforeSuite Data_Provider -->
  <testcase classname="Com_Utility.BaseClass" name="@BeforeSuite Data_Provider" time="0.0">
    <ignored/>
  </testcase> <!-- @BeforeSuite Data_Provider -->
  <testcase classname="Com_Utility.BaseClass" name="@BeforeSuite Data_Provider" time="0.0">
    <ignored/>
  </testcase> <!-- @BeforeSuite Data_Provider -->
  <testcase classname="Com_Utility.BaseClass" name="@BeforeSuite Data_Provider" time="0.0">
    <ignored/>
  </testcase> <!-- @BeforeSuite Data_Provider -->
  <testcase classname="Com_Utility.BaseClass" name="@BeforeSuite Data_Provider" time="0.0">
    <ignored/>
  </testcase> <!-- @BeforeSuite Data_Provider -->
  <testcase classname="Com_Utility.BaseClass" name="@BeforeSuite Data_Provider" time="0.0">
    <ignored/>
  </testcase> <!-- @BeforeSuite Data_Provider -->
  <testcase classname="Com_Utility.BaseClass" name="@BeforeSuite Data_Provider" time="0.0">
    <ignored/>
  </testcase> <!-- @BeforeSuite Data_Provider -->
  <testcase classname="Com_Utility.BaseClass" name="@BeforeSuite Data_Provider" time="0.0">
    <ignored/>
  </testcase> <!-- @BeforeSuite Data_Provider -->
  <testcase classname="Com_Utility.BaseClass" name="@BeforeSuite Data_Provider" time="0.0">
    <ignored/>
  </testcase> <!-- @BeforeSuite Data_Provider -->
  <testcase classname="Com_Utility.BaseClass" name="@BeforeSuite Data_Provider" time="0.0">
    <ignored/>
  </testcase> <!-- @BeforeSuite Data_Provider -->
  <testcase classname="Com_Utility.BaseClass" name="@BeforeSuite Data_Provider" time="0.0">
    <ignored/>
  </testcase> <!-- @BeforeSuite Data_Provider -->
  <testcase classname="Com_Utility.BaseClass" name="@BeforeSuite Data_Provider" time="0.0">
    <ignored/>
  </testcase> <!-- @BeforeSuite Data_Provider -->
  <testcase classname="Com_Utility.BaseClass" name="@BeforeSuite Data_Provider" time="0.0">
    <ignored/>
  </testcase> <!-- @BeforeSuite Data_Provider -->
</testsuite> <!-- HO_Master_Credential -->
